9:14:16 PM [express] serving on port 5000
9:50:22 PM [express] GET /api/stats 200 in 38ms :: {"totalStreams":4,"totalLines":4,"activeConnections":0,"onlineStreams":1,"totalUsers":2,"totalCredits":"1600","expiredLines":1,"trialLines":1}
9:56:25 PM [express] GET /api/stats 200 in 29ms :: {"totalStreams":4,"totalLines":4,"activeConnections":0,"onlineStreams":1,"totalUsers":2,"totalCredits":"1600","expiredLines":1,"trialLines":1}
9:56:41 PM [express] GET /api/stats 200 in 38ms :: {"totalStreams":4,"totalLines":4,"activeConnections":0,"onlineStreams":1,"totalUsers":2,"totalCredits":"1600","expiredLines":1,"trialLines":1}
9:58:07 PM [express] GET /api/stats 200 in 42ms :: {"totalStreams":4,"totalLines":4,"activeConnections":0,"onlineStreams":1,"totalUsers":2,"totalCredits":"1600","expiredLines":1,"trialLines":1}
10:05:09 PM [express] GET /api/stats 200 in 35ms :: {"totalStreams":4,"totalLines":4,"activeConnections":0,"onlineStreams":1,"totalUsers":2,"totalCredits":"1600","expiredLines":1,"trialLines":1}
10:19:20 PM [express] GET /api/stats 200 in 14ms :: {"totalStreams":4,"totalLines":4,"activeConnections":0,"onlineStreams":1,"totalUsers":2,"totalCredits":"1600","expiredLines":1,"trialLines":1}
10:26:44 PM [express] GET /api/stats 200 in 34ms :: {"totalStreams":4,"totalLines":4,"activeConnections":0,"onlineStreams":1,"totalUsers":2,"totalCredits":"1600","expiredLines":1,"trialLines":1}
10:32:25 PM [express] GET /api/stats 200 in 10ms :: {"totalStreams":4,"totalLines":4,"activeConnections":0,"onlineStreams":1,"totalUsers":2,"totalCredits":"1600","expiredLines":1,"trialLines":1}
10:40:26 PM [express] GET /api/stats 200 in 24ms :: {"totalStreams":4,"totalLines":4,"activeConnections":0,"onlineStreams":1,"totalUsers":2,"totalCredits":"1600","expiredLines":1,"trialLines":1}
10:46:17 PM [express] GET /api/stats 200 in 36ms :: {"totalStreams":4,"totalLines":4,"activeConnections":0,"onlineStreams":1,"totalUsers":2,"totalCredits":"1600","expiredLines":1,"trialLines":1}
11:03:12 PM [express] GET /api/stats 200 in 32ms :: {"totalStreams":4,"totalLines":4,"activeConnections":0,"onlineStreams":1,"totalUsers":2,"totalCredits":"1600","expiredLines":1,"trialLines":1}
11:19:15 PM [express] GET /api/stats 200 in 29ms :: {"totalStreams":4,"totalLines":4,"activeConnections":0,"onlineStreams":1,"totalUsers":2,"totalCredits":"1600","expiredLines":1,"trialLines":1}
11:36:19 PM [express] GET /api/stats 200 in 28ms :: {"totalStreams":4,"totalLines":4,"activeConnections":0,"onlineStreams":1,"totalUsers":2,"totalCredits":"1600","expiredLines":1,"trialLines":1}
11:45:33 PM [express] GET /api/stats 200 in 35ms :: {"totalStreams":4,"totalLines":4,"activeConnections":0,"onlineStreams":1,"totalUsers":2,"totalCredits":"1600","expiredLines":1,"trialLines":1}
11:49:14 PM [express] GET /api/stats 200 in 38ms :: {"totalStreams":4,"totalLines":4,"activeConnections":0,"onlineStreams":1,"totalUsers":2,"totalCredits":"1600","expiredLines":1,"trialLines":1}
11:52:37 PM [express] GET /api/stats 200 in 40ms :: {"totalStreams":4,"totalLines":4,"activeConnections":0,"onlineStreams":1,"totalUsers":2,"totalCredits":"1600","expiredLines":1,"trialLines":1}
11:58:31 PM [express] GET /api/stats 200 in 31ms :: {"totalStreams":4,"totalLines":4,"activeConnections":0,"onlineStreams":1,"totalUsers":2,"totalCredits":"1600","expiredLines":1,"trialLines":1}
12:02:48 AM [express] GET /api/stats 200 in 37ms :: {"totalStreams":4,"totalLines":4,"activeConnections":0,"onlineStreams":1,"totalUsers":2,"totalCredits":"1600","expiredLines":1,"trialLines":1}
12:15:42 AM [express] GET /api/stats 200 in 33ms :: {"totalStreams":4,"totalLines":4,"activeConnections":0,"onlineStreams":1,"totalUsers":2,"totalCredits":"1600","expiredLines":1,"trialLines":1}
12:27:02 AM [vite] (client) ✨ new dependencies optimized: qrcode, socket.io-client, axios, react-simple-maps, @radix-ui/react-progress
12:27:02 AM [vite] (client) ✨ optimized dependencies changed. reloading
12:32:03 AM [express] GET /api/stats 200 in 29ms :: {"totalStreams":4,"totalLines":4,"activeConnections":0,"onlineStreams":1,"totalUsers":2,"totalCredits":"1600","expiredLines":1,"trialLines":1}
12:32:59 AM [express] GET /api/stats 200 in 20ms :: {"totalStreams":4,"totalLines":4,"activeConnections":0,"onlineStreams":1,"totalUsers":2,"totalCredits":"1600","expiredLines":1,"trialLines":1}
12:33:08 AM [express] GET /api/stats 200 in 7ms :: {"totalStreams":4,"totalLines":4,"activeConnections":0,"onlineStreams":1,"totalUsers":2,"totalCredits":"1600","expiredLines":1,"trialLines":1}
12:33:08 AM [express] GET /api/streams 200 in 3ms :: [{"id":3,"name":"Action Movie Channel","streamType":"movie","sourceUrl":"http://example.com/movies.m3u8","backupUrls":[],"categoryId":3,"transcodeProfileId":null,"serverId":null,"streamIcon":"https://via.placeholder.com/150/9B59B6/FFFFFF?text=Movies","epgChannelId":null,"notes":null,"isDirect":true,"isMonitored":true,"monitorStatus":"online","lastChecked":null,"createdAt":"2026-01-22T17:06:28.395Z","tvArchiveEnabled":false,"tvArchiveDuration":0,"tvArchiveServerId":null,"autoRestart":true,"restartAttempts":0,"lastRestartAt":null,"onDemand":false,"autoRestartHours":0,"delayMinutes":0,"rtmpOutput":null,"externalPush":null,"customFfmpeg":null,"readNative":false,"streamAll":false,"removeSubtitles":false,"genTimestamps":false,"probesizeOndemand":0,"allowRecord":true,"customSid":null,"streamOrder":0},{"id":4,"name":"Entertainment Plus","streamType":"live","sourceUrl":"http://example.com/entertainment.m3u8","backupUrls":[],"categoryId":4,"transcodeProfileId":null,"serverId":null,"streamIcon":"https://via.placeholder.com/150/E74C3C/FFFFFF?text=Ent","epgChannelId":null,"notes":null,"isDirect":false,"isMonitored":true,"monitorStatus":"offline","lastChecked":null,"createdAt":"2026-01-22T17:06:28.398Z","tvArchiveEnabled":false,"tvArchiveDuration":0,"tvArchiveServerId":null,"autoRestart":true,"restartAttempts":0,"lastRestartAt":null,"onDemand":false,"autoRestartHours":0,"delayMinutes":0,"rtmpOutput":null,"externalPush":null,"customFfmpeg":null,"readNative":false,"streamAll":false,"removeSubtitles":false,"genTimestamps":false,"probesizeOndemand":0,"allowRecord":true,"customSid":null,"streamOrder":0},{"id":2,"name":"World News 24","streamType":"live","sourceUrl":"http://example.com/news.m3u8","backupUrls":[],"categoryId":2,"transcodeProfileId":null,"serverId":null,"streamIcon":"https://via.placeholder.com/150/3498DB/FFFFFF?text=News","epgChannelId":null,"notes":"International news channel","isDirect":false,"isMonitored":true,"monitorStatus":"offline","lastChecked":null,"createdAt":"2026-01-22T17:06:28.392Z","tvArchiveEnabled":false,"tvArchiveDuration":0,"tvArchiveServerId":null,"autoRestart":true,"restartAttempts":0,"lastRestartAt":null,"onDemand":false,"autoRestartHours":0,"delayMinutes":0,"rtmpOutput":null,"externalPush":null,"customFfmpeg":null,"readNative":false,"streamAll":false,"removeSubtitles":false,"genTimestamps":false,"probesizeOndemand":0,"allowRecord":true,"customSid":null,"streamOrder":0},{"id":1,"name":"Test Live Stream","streamType":"live","sourceUrl":"http://eu4k.online:8080/live/panelx/panelx/280169.ts","backupUrls":[],"categoryId":1,"transcodeProfileId":null,"serverId":null,"streamIcon":"https://via.placeholder.com/150/FF5733/FFFFFF?text=Sports","epgChannelId":null,"notes":"24/7 Sports coverage","isDirect":false,"isMonitored":true,"monitorStatus":"offline","lastChecked":null,"createdAt":"2026-01-22T17:06:28.384Z","tvArchiveEnabled":false,"tvArchiveDuration":0,"tvArchiveServerId":null,"autoRestart":true,"restartAttempts":0,"lastRestartAt":null,"onDemand":false,"autoRestartHours":0,"delayMinutes":0,"rtmpOutput":null,"externalPush":null,"customFfmpeg":null,"readNative":false,"streamAll":false,"removeSubtitles":false,"genTimestamps":false,"probesizeOndemand":0,"allowRecord":true,"customSid":null,"streamOrder":0}]
12:33:08 AM [express] GET /api/categories 200 in 2ms :: [{"id":1,"categoryName":"Sports","categoryType":"live","parentId":null},{"id":2,"categoryName":"News","categoryType":"live","parentId":null},{"id":3,"categoryName":"Movies","categoryType":"movie","parentId":null},{"id":4,"categoryName":"Entertainment","categoryType":"live","parentId":null},{"id":5,"categoryName":"TV Shows","categoryType":"series","parentId":null}]
12:33:08 AM [express] GET /api/servers 200 in 6ms :: []
12:39:23 AM [vite] (client) hmr update /src/pages/MediaManager.tsx, /src/index.css
12:39:23 AM [vite] (client) hmr update /src/pages/MediaManager.tsx, /src/index.css
12:39:23 AM [vite] (client) hmr update /src/pages/MediaManager.tsx, /src/index.css
12:39:30 AM [express] GET /api/auth/me 401 in 1ms :: {"message":"Not authenticated"}
12:39:30 AM [express] GET /api/auth/me 401 in 1ms :: {"message":"Not authenticated"}
12:39:35 AM [express] GET /api/auth/me 401 in 1ms :: {"message":"Not authenticated"}
12:39:52 AM [express] GET /api/user 200 in 18ms
12:40:00 AM [express] POST /api/auth/login 200 in 19ms :: {"id":1,"username":"admin","role":"admin","credits":1000}
12:40:19 AM [express] GET /api/stats 200 in 15ms :: {"totalStreams":4,"totalLines":4,"activeConnections":0,"onlineStreams":1,"totalUsers":2,"totalCredits":"1600","expiredLines":1,"trialLines":1}
12:40:29 AM [express] GET /api/auth/me 401 in 1ms :: {"message":"Not authenticated"}
